<?xml version="1.0" encoding="UTF-8"?>
<!-- Generated by org.testng.reporters.JUnitReportReporter -->
<testsuite hostname="Kirtan-1910" failures="0" tests="1" name="allTest.CucumberRunner" time="7.713" errors="0" timestamp="2023-01-07T23:06:54 IST" skipped="0">
  <testcase classname="allTest.CucumberRunner" name="runScenario" time="7.713"/>
  <system-out/>
</testsuite> <!-- allTest.CucumberRunner -->
