<?xml version="1.0" encoding="UTF-8"?>
<!-- Generated by org.testng.reporters.JUnitReportReporter -->
<testsuite hostname="Kirtan-1910" failures="0" tests="3" name="allTest.CucumberRunner" time="19.719" errors="0" timestamp="2023-01-07T23:56:09 IST" skipped="0">
  <testcase classname="allTest.CucumberRunner" name="runScenario" time="8.417"/>
  <system-out/>
  <testcase classname="allTest.CucumberRunner" name="runScenario" time="5.316"/>
  <system-out/>
  <testcase classname="allTest.CucumberRunner" name="runScenario" time="5.986"/>
  <system-out/>
</testsuite> <!-- allTest.CucumberRunner -->
